C51 COMPILER V9.52.0.0   SYS                                                               10/24/2020 19:20:57 PAGE 1   


C51 COMPILER V9.52.0.0, COMPILATION OF MODULE SYS
OBJECT MODULE PLACED IN .\Objects\sys.obj
COMPILER INVOKED BY: H:\electric\Keil_v5\C51\BIN\C51.EXE sys.c OPTIMIZE(8,SPEED) BROWSE DEBUG OBJECTEXTEND PRINT(.\Listi
                    -ngs\sys.lst) TABS(2) OBJECT(.\Objects\sys.obj)

line level    source

   1          /**
   2           * @file: sys.c
   3           * @author: Honokawings (1915569481@qq.com)
   4           * @description: 中断处理
   5           * @version 0.1
   6           * @date: 2020-10-21 18:10:68
   7           * 
   8           * @copyright Copyright (c) 2020
   9           * 
  10           */
  11          #include "sys.h"
  12          #include "menu.h"
  13          
  14          int egg_cnt=0;
  15          char egg_flag;
  16          
  17          /**
  18           * @description: 中断程序初始化
  19           * 
  20           */
  21          void interrupt_init()
  22          {
  23   1          EA=1;   //总中断使能
  24   1      }
  25          
  26          void timer0_init()
  27          {
  28   1          TMOD&=0xf0;
  29   1          TMOD|=0x01;
  30   1          TH0=0xFC;
  31   1          TL0=0X67; //1ms计时
  32   1          ET0=1;
  33   1          TF0=0;
  34   1          TR0=1;//启动T0
  35   1      }
  36          
  37          /**
  38           * @description: 定时器T0中断
  39           * 
  40           */
  41          void interrupt_timer0()  interrupt 1
  42          {
  43   1          TH0=0xFC;
  44   1          TL0=0x67; //1ms计时
  45   1      
  46   1      
  47   1          //定时器0中断函数
  48   1          last_operation=now_operation;
  49   1          now_operation=key_analyze(key_scan());
  50   1          if(now_operation==4)//过滤回报率
  51   1          {
  52   2              egg_cnt++;
  53   2              if(egg_cnt>=30)
  54   2              {
C51 COMPILER V9.52.0.0   SYS                                                               10/24/2020 19:20:57 PAGE 2   

  55   3                  egg_flag=1;
  56   3                  egg_cnt=0;
  57   3              }
  58   2              now_operation=0;
  59   2          }
  60   1          // if(now_operation!=0)//用于debug
  61   1          //     uart_send(&now_operation);
  62   1      }
  63          
  64          //定时器1初始化及中断
  65          // void timer1_init()
  66          // {
  67          //     TMOD&=0x0f;
  68          //     TMOD|=0x10;
  69          //     TH1=0xFC;
  70          //     TL1=0X67; //1ms计时
  71          //     TF1=0;
  72          //     TR1=1;//启动T1
  73          // }
  74          
  75          // /**
  76          //  * @description: 定时器T1中断
  77          //  * 
  78          //  */
  79          // void interrupt_timer1() interrupt 3
  80          // {
  81          //     TH1=0xFC;
  82          //     TL1=0X67; //1ms计时
  83          
  84          //     //定时器1中断函数
  85          
  86          // }


MODULE INFORMATION:   STATIC OVERLAYABLE
   CODE SIZE        =    131    ----
   CONSTANT SIZE    =   ----    ----
   XDATA SIZE       =   ----    ----
   PDATA SIZE       =   ----    ----
   DATA SIZE        =      3    ----
   IDATA SIZE       =   ----    ----
   BIT SIZE         =   ----    ----
END OF MODULE INFORMATION.


C51 COMPILATION COMPLETE.  0 WARNING(S),  0 ERROR(S)
